\BOOKMARK [1][-]{section.1}{Overview}{}% 1
\BOOKMARK [2][-]{subsection.1.1}{New features}{section.1}% 2
\BOOKMARK [2][-]{subsection.1.2}{Home page}{section.1}% 3
\BOOKMARK [1][-]{section.2}{Invocation}{}% 4
\BOOKMARK [2][-]{subsection.2.1}{Package options}{section.2}% 5
\BOOKMARK [2][-]{subsection.2.2}{Customization parameters}{section.2}% 6
\BOOKMARK [1][-]{section.3}{Basic usage}{}% 7
\BOOKMARK [2][-]{subsection.3.1}{Tree syntax}{section.3}% 8
\BOOKMARK [2][-]{subsection.3.2}{Label matching}{section.3}% 9
\BOOKMARK [2][-]{subsection.3.3}{Roofs}{section.3}% 10
\BOOKMARK [2][-]{subsection.3.4}{Branching without labels}{section.3}% 11
\BOOKMARK [2][-]{subsection.3.5}{Subscripts, superscripts and primes}{section.3}% 12
\BOOKMARK [2][-]{subsection.3.6}{Customizing text appearance}{section.3}% 13
\BOOKMARK [2][-]{subsection.3.7}{Escaping the parser}{section.3}% 14
\BOOKMARK [2][-]{subsection.3.8}{Adjusting inter-node spacing}{section.3}% 15
\BOOKMARK [2][-]{subsection.3.9}{``Balanced'' trees}{section.3}% 16
\BOOKMARK [1][-]{section.4}{Using qtree}{}% 17
\BOOKMARK [2][-]{subsection.4.1}{How to convert a tree to brackets}{section.4}% 18
\BOOKMARK [2][-]{subsection.4.2}{Placing trees on the page}{section.4}% 19
\BOOKMARK [1][-]{section.5}{Advanced features}{}% 20
\BOOKMARK [2][-]{subsection.5.1}{Putting a frame around part of a tree}{section.5}% 21
\BOOKMARK [2][-]{subsection.5.2}{Embedding one tree in another}{section.5}% 22
\BOOKMARK [2][-]{subsection.5.3}{Overriding branch drawing}{section.5}% 23
\BOOKMARK [2][-]{subsection.5.4}{Visualising tree construction}{section.5}% 24
\BOOKMARK [2][-]{subsection.5.5}{The low-level interface}{section.5}% 25
\BOOKMARK [1][-]{section.6}{How do I \203? \(The qtree FAQ\)}{}% 26
\BOOKMARK [1][-]{section.7}{Troubleshooting}{}% 27
